<?xml version="1.0" encoding="UTF-8"?>
<!-- Generated by org.testng.reporters.JUnitReportReporter -->
<testsuite skipped="0" hostname="VSPLBLRLT0831" name="parallel.VisiCheckRunner" tests="1" failures="0" timestamp="2022-10-20T17:36:58 IST" time="15.948" errors="0">
  <testcase name="runScenario" time="15.948" classname="parallel.VisiCheckRunner"/>
  <system-out/>
</testsuite> <!-- parallel.VisiCheckRunner -->
